<?xml version="1.0" encoding="UTF-8"?>
<testng-results ignored="0" total="2" passed="2" failed="0" skipped="0">
  <reporter-output>
    <line>
      <![CDATA[Facebook]]>
    </line>
    <line>
      <![CDATA[Hello]]>
    </line>
  </reporter-output>
  <suite started-at="2025-09-21T14:55:18 IST" name="Suite" finished-at="2025-09-21T14:55:24 IST" duration-ms="6000">
    <groups>
    </groups>
    <test started-at="2025-09-21T14:55:18 IST" name="Test" finished-at="2025-09-21T14:55:24 IST" duration-ms="6000">
      <class name="basics.LaunchBrowser">
        <test-method signature="launchBrowser()[pri:0, instance:basics.LaunchBrowser@639c2c1d]" started-at="2025-09-21T14:55:19 IST" name="launchBrowser" finished-at="2025-09-21T14:55:24 IST" duration-ms="5894" status="PASS">
          <reporter-output>
            <line>
              <![CDATA[Facebook]]>
            </line>
          </reporter-output>
        </test-method> <!-- launchBrowser -->
      </class> <!-- basics.LaunchBrowser -->
      <class name="basics.demo">
        <test-method signature="test()[pri:0, instance:basics.demo@5e0e82ae]" started-at="2025-09-21T14:55:24 IST" name="test" finished-at="2025-09-21T14:55:24 IST" duration-ms="4" status="PASS">
          <reporter-output>
            <line>
              <![CDATA[Hello]]>
            </line>
          </reporter-output>
        </test-method> <!-- test -->
      </class> <!-- basics.demo -->
    </test> <!-- Test -->
  </suite> <!-- Suite -->
</testng-results>
