<?xml version="1.0" encoding="UTF-8"?>
<testng-results ignored="0" total="1" passed="1" failed="0" skipped="0">
  <reporter-output>
    <line>
      <![CDATA[Hello]]>
    </line>
  </reporter-output>
  <suite started-at="2025-09-21T11:39:22 IST" name="Suite" finished-at="2025-09-21T11:39:22 IST" duration-ms="113">
    <groups>
    </groups>
    <test started-at="2025-09-21T11:39:22 IST" name="Test" finished-at="2025-09-21T11:39:22 IST" duration-ms="113">
      <class name="basics.demo">
        <test-method signature="test()[pri:0, instance:basics.demo@3e694b3f]" started-at="2025-09-21T11:39:22 IST" name="test" finished-at="2025-09-21T11:39:22 IST" duration-ms="22" status="PASS">
          <reporter-output>
            <line>
              <![CDATA[Hello]]>
            </line>
          </reporter-output>
        </test-method> <!-- test -->
      </class> <!-- basics.demo -->
    </test> <!-- Test -->
  </suite> <!-- Suite -->
</testng-results>
